<?xml version="1.0" encoding="UTF-8"?>
<!-- Generated by org.testng.reporters.JUnitXMLReporter -->
<testsuite ignored="0" hostname="DESKTOP-6R0FAO5" failures="0" tests="4" name="Default test" time="50.356" errors="0" timestamp="2020-03-06T15:59:31 CET">
  <testcase classname="tnationtest.NewsLetterTest" name="IncorrectMailTest" time="12.13"/>
  <testcase classname="apitest.SearchBoxTest" name="searchBoxTest" time="4.108"/>
  <testcase classname="tnationtest.SearchBoxTest" name="searchbox" time="16.02"/>
  <testcase classname="tnationtest.TshirtsCategoryVerification" name="tShirtsPage" time="18.031"/>
</testsuite> <!-- Default test -->
