<?xml version="1.0" encoding="UTF-8"?>
<testng-results ignored="0" total="4" passed="4" failed="0" skipped="0">
  <reporter-output>
  </reporter-output>
  <suite started-at="2020-03-06T15:58:41 CET" name="Default suite" finished-at="2020-03-06T15:59:31 CET" duration-ms="50356">
    <groups>
    </groups>
    <test started-at="2020-03-06T15:58:41 CET" name="Default test" finished-at="2020-03-06T15:59:31 CET" duration-ms="50356">
      <class name="tnationtest.NewsLetterTest">
        <test-method signature="IncorrectMailTest()[pri:0, instance:tnationtest.NewsLetterTest@124c278f]" started-at="2020-03-06T15:58:41 CET" name="IncorrectMailTest" finished-at="2020-03-06T15:58:53 CET" duration-ms="12130" status="PASS">
          <reporter-output>
          </reporter-output>
        </test-method> <!-- IncorrectMailTest -->
      </class> <!-- tnationtest.NewsLetterTest -->
      <class name="apitest.SearchBoxTest">
        <test-method signature="searchBoxTest()[pri:0, instance:apitest.SearchBoxTest@15b204a1]" started-at="2020-03-06T15:58:53 CET" name="searchBoxTest" finished-at="2020-03-06T15:58:57 CET" duration-ms="4108" status="PASS">
          <reporter-output>
          </reporter-output>
        </test-method> <!-- searchBoxTest -->
      </class> <!-- apitest.SearchBoxTest -->
      <class name="tnationtest.SearchBoxTest">
        <test-method signature="searchbox()[pri:0, instance:tnationtest.SearchBoxTest@77167fb7]" started-at="2020-03-06T15:58:57 CET" name="searchbox" finished-at="2020-03-06T15:59:13 CET" duration-ms="16020" status="PASS">
          <reporter-output>
          </reporter-output>
        </test-method> <!-- searchbox -->
      </class> <!-- tnationtest.SearchBoxTest -->
      <class name="tnationtest.TshirtsCategoryVerification">
        <test-method signature="tShirtsPage()[pri:0, instance:tnationtest.TshirtsCategoryVerification@1fe20588]" started-at="2020-03-06T15:59:13 CET" name="tShirtsPage" finished-at="2020-03-06T15:59:31 CET" duration-ms="18031" status="PASS">
          <reporter-output>
          </reporter-output>
        </test-method> <!-- tShirtsPage -->
      </class> <!-- tnationtest.TshirtsCategoryVerification -->
    </test> <!-- Default test -->
  </suite> <!-- Default suite -->
</testng-results>
